<?xml version="1.0" encoding="UTF-8"?>
<!-- Generated by org.testng.reporters.JUnitReportReporter -->
<testsuite name="mercury_tours.framework.RegisterClientTest" tests="4" time="0.038" ignored="0" failures="0" timestamp="13 Jan 2020 12:57:31 GMT" skipped="0" hostname="ZCTAYAKHA002" errors="0">
  <testcase name="verifyPasswordHasBeenEntered" time="0.008" classname="mercury_tours.framework.RegisterClientTest"/>
  <testcase name="testFindFlightPageTitle" time="0.007" classname="mercury_tours.framework.RegisterClientTest"/>
  <testcase name="verifyUsernameHasBeenEntered" time="0.009" classname="mercury_tours.framework.RegisterClientTest"/>
  <testcase name="testMercuryToursTitle" time="0.014" classname="mercury_tours.framework.RegisterClientTest"/>
</testsuite> <!-- mercury_tours.framework.RegisterClientTest -->
