<?xml version="1.0" encoding="UTF-8"?>
<!-- Generated by org.testng.reporters.JUnitReportReporter -->
<testsuite name="webautomationselenium.LoginMercuryToursClientTest" tests="4" time="0.043" ignored="0" failures="0" timestamp="13 Jan 2020 15:44:35 GMT" skipped="0" hostname="ZCTAYAKHA002" errors="0">
  <testcase name="verifyPasswordHasBeenEntered" time="0.010" classname="webautomationselenium.LoginMercuryToursClientTest"/>
  <testcase name="testMercuryToursTitle" time="0.013" classname="webautomationselenium.LoginMercuryToursClientTest"/>
  <testcase name="testFindFlightPageTitle" time="0.012" classname="webautomationselenium.LoginMercuryToursClientTest"/>
  <testcase name="verifyUsernameHasBeenEntered" time="0.008" classname="webautomationselenium.LoginMercuryToursClientTest"/>
</testsuite> <!-- webautomationselenium.LoginMercuryToursClientTest -->
