<?xml version="1.0" encoding="UTF-8"?>
<!-- Generated by org.testng.reporters.JUnitReportReporter -->
<testsuite name="mercury_tours.framework.LoginMercuryToursClientTest" tests="4" time="0.039" ignored="0" failures="0" timestamp="13 Jan 2020 15:34:30 GMT" skipped="0" hostname="ZCTAYAKHA002" errors="0">
  <testcase name="verifyPasswordHasBeenEntered" time="0.008" classname="mercury_tours.framework.LoginMercuryToursClientTest"/>
  <testcase name="testMercuryToursTitle" time="0.014" classname="mercury_tours.framework.LoginMercuryToursClientTest"/>
  <testcase name="testFindFlightPageTitle" time="0.007" classname="mercury_tours.framework.LoginMercuryToursClientTest"/>
  <testcase name="verifyUsernameHasBeenEntered" time="0.010" classname="mercury_tours.framework.LoginMercuryToursClientTest"/>
</testsuite> <!-- mercury_tours.framework.LoginMercuryToursClientTest -->
