<?xml version="1.0" encoding="UTF-8"?>
<!-- Generated by org.testng.reporters.JUnitReportReporter -->
<testsuite name="apiTesting.RestFullWebService" tests="4" time="1.351" ignored="0" failures="0" timestamp="13 Jan 2020 15:34:44 GMT" skipped="0" hostname="ZCTAYAKHA002" errors="0">
  <testcase name="VerifyingServer" time="0.290" classname="apiTesting.RestFullWebService"/>
  <testcase name="VerifyingVerifyBadRequest" time="0.738" classname="apiTesting.RestFullWebService"/>
  <testcase name="VerifyingContentType" time="0.147" classname="apiTesting.RestFullWebService"/>
  <testcase name="VerifyingStatusCode" time="0.176" classname="apiTesting.RestFullWebService"/>
</testsuite> <!-- apiTesting.RestFullWebService -->
